<?xml version="1.0" encoding="UTF-8"?>
<!-- Generated by org.testng.reporters.JUnitReportReporter -->
<testsuite hostname="ISCHLAPHP20437" failures="0" tests="4" name="com.tests.Parallel_Testing.TestClass1" time="0.055" errors="0" timestamp="2022-12-01T18:37:11 IST" skipped="0">
  <testcase classname="com.tests.Parallel_Testing.TestClass1" name="testMethod4" time="0.004"/>
  <system-out/>
  <testcase classname="com.tests.Parallel_Testing.TestClass1" name="testMethod1" time="0.024"/>
  <system-out/>
  <testcase classname="com.tests.Parallel_Testing.TestClass1" name="testMethod2" time="0.024"/>
  <system-out/>
  <testcase classname="com.tests.Parallel_Testing.TestClass1" name="testMethod3" time="0.003"/>
  <system-out/>
</testsuite> <!-- com.tests.Parallel_Testing.TestClass1 -->
