<?xml version="1.0" encoding="UTF-8"?>
<!-- Generated by org.testng.reporters.JUnitReportReporter -->
<testsuite hostname="ISCHLAPHP20437" failures="0" tests="3" name="com.tests.Parallel_Testing.TestClass2" time="0.008" errors="0" timestamp="2022-12-01T18:37:11 IST" skipped="0">
  <testcase classname="com.tests.Parallel_Testing.TestClass2" name="testMethod5" time="0.002"/>
  <system-out/>
  <testcase classname="com.tests.Parallel_Testing.TestClass2" name="testMethod7" time="0.003"/>
  <system-out/>
  <testcase classname="com.tests.Parallel_Testing.TestClass2" name="testMethod6" time="0.003"/>
  <system-out/>
</testsuite> <!-- com.tests.Parallel_Testing.TestClass2 -->
