<?xml version="1.0" encoding="UTF-8"?>
<!-- Generated by org.testng.reporters.JUnitReportReporter -->
<testsuite hostname="ISCHLAPHP20437" failures="0" tests="2" name="com.tests.MyfirstTest" time="21.271" errors="0" timestamp="2022-12-12T17:42:38 IST" skipped="0">
  <testcase classname="com.tests.MyfirstTest" name="Testgoogle" time="11.109"/>
  <system-out/>
  <testcase classname="com.tests.MyfirstTest" name="Testfacebook" time="10.162"/>
  <system-out/>
</testsuite> <!-- com.tests.MyfirstTest -->
