<?xml version="1.0" encoding="UTF-8"?>
<!-- Generated by org.testng.reporters.JUnitReportReporter -->
<testsuite hostname="ISCHLAPHP20437" failures="0" tests="4" name="com.tests.Parallel_Testing.TestClass4" time="0.010" errors="0" timestamp="2022-12-01T18:37:11 IST" skipped="0">
  <testcase classname="com.tests.Parallel_Testing.TestClass4" name="testMethod9" time="0.002"/>
  <system-out/>
  <testcase classname="com.tests.Parallel_Testing.TestClass4" name="testMethod11" time="0.002"/>
  <system-out/>
  <testcase classname="com.tests.Parallel_Testing.TestClass4" name="testMethod8" time="0.003"/>
  <system-out/>
  <testcase classname="com.tests.Parallel_Testing.TestClass4" name="testMethod10" time="0.003"/>
  <system-out/>
</testsuite> <!-- com.tests.Parallel_Testing.TestClass4 -->
