<?xml version="1.0" encoding="UTF-8"?>
<!-- Generated by org.testng.reporters.JUnitReportReporter -->
<testsuite hostname="ISCHLAPHP20437" failures="0" tests="5" name="com.tests.Orangehrm" time="27.713" errors="0" timestamp="2022-12-12T17:42:38 IST" skipped="0">
  <testcase classname="com.tests.Orangehrm" name="login" time="12.954"/>
  <system-out/>
  <testcase classname="com.tests.Orangehrm" name="checkContacts" time="0.096"/>
  <system-out/>
  <testcase classname="com.tests.Orangehrm" name="verifyLogin" time="0.129"/>
  <system-out/>
  <testcase classname="com.tests.Orangehrm" name="navigateToContacts" time="1.498"/>
  <system-out/>
  <testcase classname="com.tests.Orangehrm" name="login" time="13.036"/>
  <system-out/>
</testsuite> <!-- com.tests.Orangehrm -->
