<?xml version="1.0" encoding="UTF-8"?>
<!-- Generated by org.testng.reporters.JUnitReportReporter -->
<testsuite hostname="ISCHLAPHP20437" failures="0" tests="3" name="com.tests.Using_Data_provider" time="85.288" errors="0" timestamp="2022-11-24T17:15:27 IST" skipped="0">
  <testcase classname="com.tests.Using_Data_provider" name="TestLogin" time="27.509"/>
  <system-out/>
  <testcase classname="com.tests.Using_Data_provider" name="TestLogin" time="18.880"/>
  <system-out/>
  <testcase classname="com.tests.Using_Data_provider" name="TestLogin" time="38.899"/>
  <system-out/>
</testsuite> <!-- com.tests.Using_Data_provider -->
