<?xml version="1.0" encoding="UTF-8"?>
<!-- Generated by org.testng.reporters.JUnitReportReporter -->
<testsuite hostname="ISCHLAPHP20437" failures="0" tests="4" name="com.tests.Singledimen_Integer_arr_data_provider" time="0.019" errors="0" timestamp="2022-11-23T15:54:54 IST" skipped="0">
  <testcase classname="com.tests.Singledimen_Integer_arr_data_provider" name="test" time="0.002"/>
  <system-out/>
  <testcase classname="com.tests.Singledimen_Integer_arr_data_provider" name="test" time="0.002"/>
  <system-out/>
  <testcase classname="com.tests.Singledimen_Integer_arr_data_provider" name="test" time="0.014"/>
  <system-out/>
  <testcase classname="com.tests.Singledimen_Integer_arr_data_provider" name="test" time="0.001"/>
  <system-out/>
</testsuite> <!-- com.tests.Singledimen_Integer_arr_data_provider -->
