<?xml version="1.0" encoding="UTF-8"?>
<!-- Generated by org.testng.reporters.JUnitReportReporter -->
<testsuite hostname="ISCHLAPHP20437" failures="0" tests="2" name="com.inn.qa.testcases.LoginPageTest" time="36.574" errors="0" timestamp="2023-02-01T15:49:53 IST" skipped="0">
  <testcase classname="com.inn.qa.testcases.LoginPageTest" name="loginPageTitleTest" time="11.548"/>
  <system-out/>
  <testcase classname="com.inn.qa.testcases.LoginPageTest" name="loginTest" time="25.026"/>
  <system-out/>
</testsuite> <!-- com.inn.qa.testcases.LoginPageTest -->
