<?xml version="1.0" encoding="UTF-8"?>
<!-- Generated by org.testng.reporters.JUnitReportReporter -->
<testsuite hostname="ISCHLAPHP20437" failures="0" tests="1" name="com.Shashank_inn.Sample" time="0.011" errors="0" timestamp="2022-11-21T16:13:55 IST" skipped="0">
  <testcase classname="com.Shashank_inn.Sample" name="foo" time="0.011"/>
  <system-out/>
</testsuite> <!-- com.Shashank_inn.Sample -->
